# JRE version: Java(TM) SE Runtime Environment (21.0.1+12) (build 21.0.1+12-LTS-29)
# Java VM: Java HotSpot(TM) 64-Bit Server VM (21.0.1+12-LTS-29, mixed mode, sharing, tiered, compressed oops, compressed class ptrs, g1 gc, windows-amd64)
GC Precious Log:
 CardTable entry size: 512
 Card Set container configuration: InlinePtr #cards 5 size 8 Array Of Cards #cards 12 size 40 Howl #buckets 4 coarsen threshold 1843 Howl Bitmap #cards 512 size 80 coarsen threshold 460 Card regions per heap region 1 cards per card region 2048
 CPUs: 12 total, 12 available
 Memory: 5981M
 Large Page Support: Disabled
 NUMA Support: Disabled
 Compressed Oops: Enabled (32-bit)
 Heap Region Size: 1M
 Heap Min Capacity: 8M
 Heap Initial Capacity: 94M
 Heap Max Capacity: 1496M
 Pre-touch: Disabled
 Parallel Workers: 10
 Concurrent Workers: 3
 Concurrent Refinement Workers: 10
 Periodic GC: Disabled
Heap:
 garbage-first heap   total 50176K, used 30322K [0x00000000a2800000, 0x0000000100000000)
  region size 1024K, 5 young (5120K), 2 survivors (2048K)
 Metaspace       used 47912K, committed 48320K, reserved 1114112K
  class space    used 6691K, committed 6848K, reserved 1048576K
GC Heap History (18 events):
Event: 0.820 GC heap before
{Heap before GC invocations=0 (full 0):
 garbage-first heap   total 96256K, used 23552K [0x00000000a2800000, 0x0000000100000000)
  region size 1024K, 23 young (23552K), 0 survivors (0K)
 Metaspace       used 3535K, committed 3712K, reserved 1114112K
  class space    used 369K, committed 448K, reserved 1048576K
}
Event: 0.824 GC heap after
{Heap after GC invocations=1 (full 0):
 garbage-first heap   total 96256K, used 3072K [0x00000000a2800000, 0x0000000100000000)
  region size 1024K, 3 young (3072K), 3 survivors (3072K)
 Metaspace       used 3535K, committed 3712K, reserved 1114112K
  class space    used 369K, committed 448K, reserved 1048576K
}
Event: 1.646 GC heap before
{Heap before GC invocations=1 (full 0):
 garbage-first heap   total 96256K, used 38912K [0x00000000a2800000, 0x0000000100000000)
  region size 1024K, 37 young (37888K), 3 survivors (3072K)
 Metaspace       used 15489K, committed 15744K, reserved 1114112K
  class space    used 1885K, committed 1984K, reserved 1048576K
}
Event: 1.653 GC heap after
{Heap after GC invocations=2 (full 0):
 garbage-first heap   total 96256K, used 8127K [0x00000000a2800000, 0x0000000100000000)
  region size 1024K, 5 young (5120K), 5 survivors (5120K)
 Metaspace       used 15489K, committed 15744K, reserved 1114112K
  class space    used 1885K, committed 1984K, reserved 1048576K
}
Event: 1.972 GC heap before
{Heap before GC invocations=2 (full 0):
 garbage-first heap   total 96256K, used 21439K [0x00000000a2800000, 0x0000000100000000)
  region size 1024K, 19 young (19456K), 5 survivors (5120K)
 Metaspace       used 21230K, committed 21504K, reserved 1114112K
  class space    used 2555K, committed 2688K, reserved 1048576K
}
Event: 1.976 GC heap after
{Heap after GC invocations=3 (full 0):
 garbage-first heap   total 96256K, used 10136K [0x00000000a2800000, 0x0000000100000000)
  region size 1024K, 3 young (3072K), 3 survivors (3072K)
 Metaspace       used 21230K, committed 21504K, reserved 1114112K
  class space    used 2555K, committed 2688K, reserved 1048576K
}
Event: 2.505 GC heap before
{Heap before GC invocations=4 (full 0):
 garbage-first heap   total 40960K, used 39832K [0x00000000a2800000, 0x0000000100000000)
  region size 1024K, 32 young (32768K), 3 survivors (3072K)
 Metaspace       used 28618K, committed 28928K, reserved 1114112K
  class space    used 3543K, committed 3648K, reserved 1048576K
}
Event: 2.509 GC heap after
{Heap after GC invocations=5 (full 0):
 garbage-first heap   total 45056K, used 11535K [0x00000000a2800000, 0x0000000100000000)
  region size 1024K, 4 young (4096K), 4 survivors (4096K)
 Metaspace       used 28618K, committed 28928K, reserved 1114112K
  class space    used 3543K, committed 3648K, reserved 1048576K
}
Event: 2.867 GC heap before
{Heap before GC invocations=5 (full 0):
 garbage-first heap   total 45056K, used 34063K [0x00000000a2800000, 0x0000000100000000)
  region size 1024K, 26 young (26624K), 4 survivors (4096K)
 Metaspace       used 34631K, committed 34944K, reserved 1114112K
  class space    used 4504K, committed 4672K, reserved 1048576K
}
Event: 2.870 GC heap after
{Heap after GC invocations=6 (full 0):
 garbage-first heap   total 45056K, used 12228K [0x00000000a2800000, 0x0000000100000000)
  region size 1024K, 3 young (3072K), 3 survivors (3072K)
 Metaspace       used 34631K, committed 34944K, reserved 1114112K
  class space    used 4504K, committed 4672K, reserved 1048576K
}
Event: 2.924 GC heap before
{Heap before GC invocations=6 (full 0):
 garbage-first heap   total 45056K, used 16324K [0x00000000a2800000, 0x0000000100000000)
  region size 1024K, 9 young (9216K), 3 survivors (3072K)
 Metaspace       used 35642K, committed 35968K, reserved 1114112K
  class space    used 4659K, committed 4864K, reserved 1048576K
}
Event: 2.927 GC heap after
{Heap after GC invocations=7 (full 0):
 garbage-first heap   total 45056K, used 12437K [0x00000000a2800000, 0x0000000100000000)
  region size 1024K, 1 young (1024K), 1 survivors (1024K)
 Metaspace       used 35642K, committed 35968K, reserved 1114112K
  class space    used 4659K, committed 4864K, reserved 1048576K
}
Event: 3.242 GC heap before
{Heap before GC invocations=8 (full 0):
 garbage-first heap   total 45056K, used 40085K [0x00000000a2800000, 0x0000000100000000)
  region size 1024K, 26 young (26624K), 1 survivors (1024K)
 Metaspace       used 40697K, committed 41152K, reserved 1114112K
  class space    used 5474K, committed 5696K, reserved 1048576K
}
Event: 3.243 GC heap after
{Heap after GC invocations=9 (full 0):
 garbage-first heap   total 45056K, used 16450K [0x00000000a2800000, 0x0000000100000000)
  region size 1024K, 2 young (2048K), 2 survivors (2048K)
 Metaspace       used 40697K, committed 41152K, reserved 1114112K
  class space    used 5474K, committed 5696K, reserved 1048576K
}
Event: 3.607 GC heap before
{Heap before GC invocations=9 (full 0):
 garbage-first heap   total 45056K, used 37954K [0x00000000a2800000, 0x0000000100000000)
  region size 1024K, 24 young (24576K), 2 survivors (2048K)
 Metaspace       used 44766K, committed 45184K, reserved 1114112K
  class space    used 6237K, committed 6400K, reserved 1048576K
}
Event: 3.611 GC heap after
{Heap after GC invocations=10 (full 0):
 garbage-first heap   total 45056K, used 18258K [0x00000000a2800000, 0x0000000100000000)
  region size 1024K, 3 young (3072K), 3 survivors (3072K)
 Metaspace       used 44766K, committed 45184K, reserved 1114112K
  class space    used 6237K, committed 6400K, reserved 1048576K
}
Event: 22.508 GC heap before
{Heap before GC invocations=10 (full 0):
 garbage-first heap   total 45056K, used 37714K [0x00000000a2800000, 0x0000000100000000)
  region size 1024K, 18 young (18432K), 3 survivors (3072K)
 Metaspace       used 47862K, committed 48256K, reserved 1114112K
  class space    used 6689K, committed 6848K, reserved 1048576K
}
Event: 22.513 GC heap after
{Heap after GC invocations=11 (full 0):
 garbage-first heap   total 45056K, used 25202K [0x00000000a2800000, 0x0000000100000000)
  region size 1024K, 2 young (2048K), 2 survivors (2048K)
 Metaspace       used 47862K, committed 48256K, reserved 1114112K
  class space    used 6689K, committed 6848K, reserved 1048576K
}

